Detecting C [-std=c11] compiler features failed to compile with the following output:
Change Dir: /home/lee/ackerman_ws/src/steer_mini_gazebo/build/CMakeFiles/CMakeTmp

Run Build Command:"/usr/bin/make" "cmTC_4d362/fast"
/usr/bin/make -f CMakeFiles/cmTC_4d362.dir/build.make CMakeFiles/cmTC_4d362.dir/build
make[1]: Entering directory '/home/lee/ackerman_ws/src/steer_mini_gazebo/build/CMakeFiles/CMakeTmp'
Building C object CMakeFiles/cmTC_4d362.dir/feature_tests.c.o
/usr/bin/c99-gcc    -std=c11 -o CMakeFiles/cmTC_4d362.dir/feature_tests.c.o   -c /home/lee/ackerman_ws/src/steer_mini_gazebo/build/CMakeFiles/feature_tests.c
c99-gcc called with non ISO C99 option -std=c11
CMakeFiles/cmTC_4d362.dir/build.make:65: recipe for target 'CMakeFiles/cmTC_4d362.dir/feature_tests.c.o' failed
make[1]: *** [CMakeFiles/cmTC_4d362.dir/feature_tests.c.o] Error 1
make[1]: Leaving directory '/home/lee/ackerman_ws/src/steer_mini_gazebo/build/CMakeFiles/CMakeTmp'
Makefile:126: recipe for target 'cmTC_4d362/fast' failed
make: *** [cmTC_4d362/fast] Error 2



Determining if the pthread_create exist failed with the following output:
Change Dir: /home/lee/ackerman_ws/src/steer_mini_gazebo/build/CMakeFiles/CMakeTmp

Run Build Command:"/usr/bin/make" "cmTC_96349/fast"
/usr/bin/make -f CMakeFiles/cmTC_96349.dir/build.make CMakeFiles/cmTC_96349.dir/build
make[1]: Entering directory '/home/lee/ackerman_ws/src/steer_mini_gazebo/build/CMakeFiles/CMakeTmp'
Building C object CMakeFiles/cmTC_96349.dir/CheckSymbolExists.c.o
/usr/bin/c99-gcc     -o CMakeFiles/cmTC_96349.dir/CheckSymbolExists.c.o   -c /home/lee/ackerman_ws/src/steer_mini_gazebo/build/CMakeFiles/CMakeTmp/CheckSymbolExists.c
Linking C executable cmTC_96349
/usr/bin/cmake -E cmake_link_script CMakeFiles/cmTC_96349.dir/link.txt --verbose=1
/usr/bin/c99-gcc       CMakeFiles/cmTC_96349.dir/CheckSymbolExists.c.o  -o cmTC_96349 -rdynamic 
CMakeFiles/cmTC_96349.dir/CheckSymbolExists.c.o：在函数‘main’中：
CheckSymbolExists.c:(.text+0x16)：对‘pthread_create’未定义的引用
collect2: error: ld returned 1 exit status
CMakeFiles/cmTC_96349.dir/build.make:97: recipe for target 'cmTC_96349' failed
make[1]: *** [cmTC_96349] Error 1
make[1]: Leaving directory '/home/lee/ackerman_ws/src/steer_mini_gazebo/build/CMakeFiles/CMakeTmp'
Makefile:126: recipe for target 'cmTC_96349/fast' failed
make: *** [cmTC_96349/fast] Error 2

File /home/lee/ackerman_ws/src/steer_mini_gazebo/build/CMakeFiles/CMakeTmp/CheckSymbolExists.c:
/* */
#include <pthread.h>

int main(int argc, char** argv)
{
  (void)argv;
#ifndef pthread_create
  return ((int*)(&pthread_create))[argc];
#else
  (void)argc;
  return 0;
#endif
}

Determining if the function pthread_create exists in the pthreads failed with the following output:
Change Dir: /home/lee/ackerman_ws/src/steer_mini_gazebo/build/CMakeFiles/CMakeTmp

Run Build Command:"/usr/bin/make" "cmTC_0bd80/fast"
/usr/bin/make -f CMakeFiles/cmTC_0bd80.dir/build.make CMakeFiles/cmTC_0bd80.dir/build
make[1]: Entering directory '/home/lee/ackerman_ws/src/steer_mini_gazebo/build/CMakeFiles/CMakeTmp'
Building C object CMakeFiles/cmTC_0bd80.dir/CheckFunctionExists.c.o
/usr/bin/c99-gcc    -DCHECK_FUNCTION_EXISTS=pthread_create   -o CMakeFiles/cmTC_0bd80.dir/CheckFunctionExists.c.o   -c /usr/share/cmake-3.5/Modules/CheckFunctionExists.c
Linking C executable cmTC_0bd80
/usr/bin/cmake -E cmake_link_script CMakeFiles/cmTC_0bd80.dir/link.txt --verbose=1
/usr/bin/c99-gcc   -DCHECK_FUNCTION_EXISTS=pthread_create    CMakeFiles/cmTC_0bd80.dir/CheckFunctionExists.c.o  -o cmTC_0bd80 -rdynamic -lpthreads 
/usr/bin/ld: 找不到 -lpthreads
collect2: error: ld returned 1 exit status
CMakeFiles/cmTC_0bd80.dir/build.make:97: recipe for target 'cmTC_0bd80' failed
make[1]: *** [cmTC_0bd80] Error 1
make[1]: Leaving directory '/home/lee/ackerman_ws/src/steer_mini_gazebo/build/CMakeFiles/CMakeTmp'
Makefile:126: recipe for target 'cmTC_0bd80/fast' failed
make: *** [cmTC_0bd80/fast] Error 2


